<?xml version="1.0" encoding="UTF-8"?>
<!-- Generated by org.testng.reporters.JUnitReportReporter -->
<testsuite hostname="pdc2-l-f1pbb54" failures="0" tests="1" name="Cucumber.TestNGTestRunner" time="12.264" errors="0" timestamp="2024-12-25T18:16:45 IST" skipped="0">
  <testcase classname="Cucumber.TestNGTestRunner" name="runScenario" time="12.264"/>
</testsuite> <!-- Cucumber.TestNGTestRunner -->
